<?xml version="1.0" encoding="UTF-8"?>
<testsuite xmlns:xsi="http://www.w3.org/2001/XMLSchema-instance" xsi:noNamespaceSchemaLocation="https://maven.apache.org/surefire/maven-surefire-plugin/xsd/surefire-test-report.xsd" name="com.susheelkb.romannumeral.service.RomanNumsServiceTest" time="0.045" tests="5" errors="0" skipped="0" failures="0">
  <properties>
    <property name="awt.toolkit" value="sun.lwawt.macosx.LWCToolkit"/>
    <property name="java.specification.version" value="12"/>
    <property name="sun.jnu.encoding" value="UTF-8"/>
    <property name="java.class.path" value="/Users/manikanta.d/personalCodingMisc/roman-numeral-converter/target/test-classes:/Users/manikanta.d/personalCodingMisc/roman-numeral-converter/target/classes:/Users/manikanta.d/.m2/repository/org/springframework/boot/spring-boot-starter-web/2.0.1.RELEASE/spring-boot-starter-web-2.0.1.RELEASE.jar:/Users/manikanta.d/.m2/repository/org/springframework/boot/spring-boot-starter/2.0.1.RELEASE/spring-boot-starter-2.0.1.RELEASE.jar:/Users/manikanta.d/.m2/repository/org/springframework/boot/spring-boot/2.0.1.RELEASE/spring-boot-2.0.1.RELEASE.jar:/Users/manikanta.d/.m2/repository/org/springframework/boot/spring-boot-autoconfigure/2.0.1.RELEASE/spring-boot-autoconfigure-2.0.1.RELEASE.jar:/Users/manikanta.d/.m2/repository/org/springframework/boot/spring-boot-starter-logging/2.0.1.RELEASE/spring-boot-starter-logging-2.0.1.RELEASE.jar:/Users/manikanta.d/.m2/repository/ch/qos/logback/logback-classic/1.2.3/logback-classic-1.2.3.jar:/Users/manikanta.d/.m2/repository/ch/qos/logback/logback-core/1.2.3/logback-core-1.2.3.jar:/Users/manikanta.d/.m2/repository/org/apache/logging/log4j/log4j-to-slf4j/2.10.0/log4j-to-slf4j-2.10.0.jar:/Users/manikanta.d/.m2/repository/org/apache/logging/log4j/log4j-api/2.10.0/log4j-api-2.10.0.jar:/Users/manikanta.d/.m2/repository/org/slf4j/jul-to-slf4j/1.7.25/jul-to-slf4j-1.7.25.jar:/Users/manikanta.d/.m2/repository/javax/annotation/javax.annotation-api/1.3.2/javax.annotation-api-1.3.2.jar:/Users/manikanta.d/.m2/repository/org/yaml/snakeyaml/1.19/snakeyaml-1.19.jar:/Users/manikanta.d/.m2/repository/org/springframework/boot/spring-boot-starter-json/2.0.1.RELEASE/spring-boot-starter-json-2.0.1.RELEASE.jar:/Users/manikanta.d/.m2/repository/com/fasterxml/jackson/datatype/jackson-datatype-jdk8/2.9.5/jackson-datatype-jdk8-2.9.5.jar:/Users/manikanta.d/.m2/repository/com/fasterxml/jackson/datatype/jackson-datatype-jsr310/2.9.5/jackson-datatype-jsr310-2.9.5.jar:/Users/manikanta.d/.m2/repository/com/fasterxml/jackson/module/jackson-module-parameter-names/2.9.5/jackson-module-parameter-names-2.9.5.jar:/Users/manikanta.d/.m2/repository/org/springframework/boot/spring-boot-starter-tomcat/2.0.1.RELEASE/spring-boot-starter-tomcat-2.0.1.RELEASE.jar:/Users/manikanta.d/.m2/repository/org/apache/tomcat/embed/tomcat-embed-core/8.5.29/tomcat-embed-core-8.5.29.jar:/Users/manikanta.d/.m2/repository/org/apache/tomcat/embed/tomcat-embed-el/8.5.29/tomcat-embed-el-8.5.29.jar:/Users/manikanta.d/.m2/repository/org/apache/tomcat/embed/tomcat-embed-websocket/8.5.29/tomcat-embed-websocket-8.5.29.jar:/Users/manikanta.d/.m2/repository/org/hibernate/validator/hibernate-validator/6.0.9.Final/hibernate-validator-6.0.9.Final.jar:/Users/manikanta.d/.m2/repository/javax/validation/validation-api/2.0.1.Final/validation-api-2.0.1.Final.jar:/Users/manikanta.d/.m2/repository/org/jboss/logging/jboss-logging/3.3.2.Final/jboss-logging-3.3.2.Final.jar:/Users/manikanta.d/.m2/repository/org/springframework/spring-web/5.0.5.RELEASE/spring-web-5.0.5.RELEASE.jar:/Users/manikanta.d/.m2/repository/org/springframework/spring-beans/5.0.5.RELEASE/spring-beans-5.0.5.RELEASE.jar:/Users/manikanta.d/.m2/repository/org/springframework/spring-webmvc/5.0.5.RELEASE/spring-webmvc-5.0.5.RELEASE.jar:/Users/manikanta.d/.m2/repository/org/springframework/spring-aop/5.0.5.RELEASE/spring-aop-5.0.5.RELEASE.jar:/Users/manikanta.d/.m2/repository/org/springframework/spring-context/5.0.5.RELEASE/spring-context-5.0.5.RELEASE.jar:/Users/manikanta.d/.m2/repository/org/springframework/spring-expression/5.0.5.RELEASE/spring-expression-5.0.5.RELEASE.jar:/Users/manikanta.d/.m2/repository/org/springframework/boot/spring-boot-starter-test/2.0.1.RELEASE/spring-boot-starter-test-2.0.1.RELEASE.jar:/Users/manikanta.d/.m2/repository/org/springframework/boot/spring-boot-test/2.0.1.RELEASE/spring-boot-test-2.0.1.RELEASE.jar:/Users/manikanta.d/.m2/repository/org/springframework/boot/spring-boot-test-autoconfigure/2.0.1.RELEASE/spring-boot-test-autoconfigure-2.0.1.RELEASE.jar:/Users/manikanta.d/.m2/repository/com/jayway/jsonpath/json-path/2.4.0/json-path-2.4.0.jar:/Users/manikanta.d/.m2/repository/net/minidev/json-smart/2.3/json-smart-2.3.jar:/Users/manikanta.d/.m2/repository/net/minidev/accessors-smart/1.2/accessors-smart-1.2.jar:/Users/manikanta.d/.m2/repository/org/ow2/asm/asm/5.0.4/asm-5.0.4.jar:/Users/manikanta.d/.m2/repository/junit/junit/4.12/junit-4.12.jar:/Users/manikanta.d/.m2/repository/org/assertj/assertj-core/3.9.1/assertj-core-3.9.1.jar:/Users/manikanta.d/.m2/repository/org/mockito/mockito-core/2.15.0/mockito-core-2.15.0.jar:/Users/manikanta.d/.m2/repository/net/bytebuddy/byte-buddy/1.7.11/byte-buddy-1.7.11.jar:/Users/manikanta.d/.m2/repository/net/bytebuddy/byte-buddy-agent/1.7.11/byte-buddy-agent-1.7.11.jar:/Users/manikanta.d/.m2/repository/org/objenesis/objenesis/2.6/objenesis-2.6.jar:/Users/manikanta.d/.m2/repository/org/hamcrest/hamcrest-core/1.3/hamcrest-core-1.3.jar:/Users/manikanta.d/.m2/repository/org/hamcrest/hamcrest-library/1.3/hamcrest-library-1.3.jar:/Users/manikanta.d/.m2/repository/org/skyscreamer/jsonassert/1.5.0/jsonassert-1.5.0.jar:/Users/manikanta.d/.m2/repository/com/vaadin/external/google/android-json/0.0.20131108.vaadin1/android-json-0.0.20131108.vaadin1.jar:/Users/manikanta.d/.m2/repository/org/springframework/spring-core/5.0.5.RELEASE/spring-core-5.0.5.RELEASE.jar:/Users/manikanta.d/.m2/repository/org/springframework/spring-jcl/5.0.5.RELEASE/spring-jcl-5.0.5.RELEASE.jar:/Users/manikanta.d/.m2/repository/org/springframework/spring-test/5.0.5.RELEASE/spring-test-5.0.5.RELEASE.jar:/Users/manikanta.d/.m2/repository/org/xmlunit/xmlunit-core/2.5.1/xmlunit-core-2.5.1.jar:/Users/manikanta.d/.m2/repository/com/fasterxml/jackson/core/jackson-databind/2.9.5/jackson-databind-2.9.5.jar:/Users/manikanta.d/.m2/repository/com/fasterxml/jackson/core/jackson-core/2.9.5/jackson-core-2.9.5.jar:/Users/manikanta.d/.m2/repository/com/fasterxml/jackson/core/jackson-annotations/2.9.0/jackson-annotations-2.9.0.jar:/Users/manikanta.d/.m2/repository/com/diffplug/spotless/spotless-eclipse-base/3.4.2/spotless-eclipse-base-3.4.2.jar:/Users/manikanta.d/.m2/repository/org/eclipse/platform/org.eclipse.core.resources/3.14.0/org.eclipse.core.resources-3.14.0.jar:/Users/manikanta.d/.m2/repository/org/eclipse/platform/org.eclipse.core.runtime/3.20.100/org.eclipse.core.runtime-3.20.100.jar:/Users/manikanta.d/.m2/repository/org/eclipse/platform/org.eclipse.osgi/3.16.200/org.eclipse.osgi-3.16.200.jar:/Users/manikanta.d/.m2/repository/org/eclipse/platform/org.eclipse.equinox.common/3.14.100/org.eclipse.equinox.common-3.14.100.jar:/Users/manikanta.d/.m2/repository/org/eclipse/platform/org.eclipse.core.jobs/3.10.1100/org.eclipse.core.jobs-3.10.1100.jar:/Users/manikanta.d/.m2/repository/org/eclipse/platform/org.eclipse.equinox.registry/3.10.100/org.eclipse.equinox.registry-3.10.100.jar:/Users/manikanta.d/.m2/repository/org/eclipse/platform/org.eclipse.equinox.preferences/3.8.200/org.eclipse.equinox.preferences-3.8.200.jar:/Users/manikanta.d/.m2/repository/org/eclipse/platform/org.eclipse.core.contenttype/3.7.900/org.eclipse.core.contenttype-3.7.900.jar:/Users/manikanta.d/.m2/repository/org/eclipse/platform/org.eclipse.equinox.app/1.5.100/org.eclipse.equinox.app-1.5.100.jar:/Users/manikanta.d/.m2/repository/org/slf4j/slf4j-api/1.7.25/slf4j-api-1.7.25.jar:/Users/manikanta.d/.m2/repository/org/springframework/boot/spring-boot-starter-actuator/2.0.1.RELEASE/spring-boot-starter-actuator-2.0.1.RELEASE.jar:/Users/manikanta.d/.m2/repository/org/springframework/boot/spring-boot-actuator-autoconfigure/2.0.1.RELEASE/spring-boot-actuator-autoconfigure-2.0.1.RELEASE.jar:/Users/manikanta.d/.m2/repository/org/springframework/boot/spring-boot-actuator/2.0.1.RELEASE/spring-boot-actuator-2.0.1.RELEASE.jar:/Users/manikanta.d/.m2/repository/io/micrometer/micrometer-core/1.0.3/micrometer-core-1.0.3.jar:/Users/manikanta.d/.m2/repository/org/hdrhistogram/HdrHistogram/2.1.10/HdrHistogram-2.1.10.jar:/Users/manikanta.d/.m2/repository/org/latencyutils/LatencyUtils/2.0.3/LatencyUtils-2.0.3.jar:/Users/manikanta.d/.m2/repository/io/springfox/springfox-swagger-ui/2.9.2/springfox-swagger-ui-2.9.2.jar:/Users/manikanta.d/.m2/repository/io/springfox/springfox-spring-web/2.9.2/springfox-spring-web-2.9.2.jar:/Users/manikanta.d/.m2/repository/io/springfox/springfox-swagger2/2.9.2/springfox-swagger2-2.9.2.jar:/Users/manikanta.d/.m2/repository/io/swagger/swagger-annotations/1.5.20/swagger-annotations-1.5.20.jar:/Users/manikanta.d/.m2/repository/io/swagger/swagger-models/1.5.20/swagger-models-1.5.20.jar:/Users/manikanta.d/.m2/repository/io/springfox/springfox-spi/2.9.2/springfox-spi-2.9.2.jar:/Users/manikanta.d/.m2/repository/io/springfox/springfox-core/2.9.2/springfox-core-2.9.2.jar:/Users/manikanta.d/.m2/repository/io/springfox/springfox-schema/2.9.2/springfox-schema-2.9.2.jar:/Users/manikanta.d/.m2/repository/io/springfox/springfox-swagger-common/2.9.2/springfox-swagger-common-2.9.2.jar:/Users/manikanta.d/.m2/repository/com/google/guava/guava/20.0/guava-20.0.jar:/Users/manikanta.d/.m2/repository/com/fasterxml/classmate/1.3.4/classmate-1.3.4.jar:/Users/manikanta.d/.m2/repository/org/springframework/plugin/spring-plugin-core/1.2.0.RELEASE/spring-plugin-core-1.2.0.RELEASE.jar:/Users/manikanta.d/.m2/repository/org/springframework/plugin/spring-plugin-metadata/1.2.0.RELEASE/spring-plugin-metadata-1.2.0.RELEASE.jar:/Users/manikanta.d/.m2/repository/org/mapstruct/mapstruct/1.2.0.Final/mapstruct-1.2.0.Final.jar:"/>
    <property name="java.vm.vendor" value="Oracle Corporation"/>
    <property name="sun.arch.data.model" value="64"/>
    <property name="java.vendor.url" value="https://java.oracle.com/"/>
    <property name="os.name" value="Mac OS X"/>
    <property name="java.vm.specification.version" value="12"/>
    <property name="sun.java.launcher" value="SUN_STANDARD"/>
    <property name="user.country" value="IN"/>
    <property name="sun.boot.library.path" value="/Library/Java/JavaVirtualMachines/openjdk-12.0.2.jdk/Contents/Home/lib"/>
    <property name="sun.java.command" value="/Users/manikanta.d/personalCodingMisc/roman-numeral-converter/target/surefire/surefirebooter18210464595613925613.jar /Users/manikanta.d/personalCodingMisc/roman-numeral-converter/target/surefire 2021-03-22T01-00-03_436-jvmRun1 surefire10320552997518242156tmp surefire_015877004071462885708tmp"/>
    <property name="jdk.debug" value="release"/>
    <property name="surefire.test.class.path" value="/Users/manikanta.d/personalCodingMisc/roman-numeral-converter/target/test-classes:/Users/manikanta.d/personalCodingMisc/roman-numeral-converter/target/classes:/Users/manikanta.d/.m2/repository/org/springframework/boot/spring-boot-starter-web/2.0.1.RELEASE/spring-boot-starter-web-2.0.1.RELEASE.jar:/Users/manikanta.d/.m2/repository/org/springframework/boot/spring-boot-starter/2.0.1.RELEASE/spring-boot-starter-2.0.1.RELEASE.jar:/Users/manikanta.d/.m2/repository/org/springframework/boot/spring-boot/2.0.1.RELEASE/spring-boot-2.0.1.RELEASE.jar:/Users/manikanta.d/.m2/repository/org/springframework/boot/spring-boot-autoconfigure/2.0.1.RELEASE/spring-boot-autoconfigure-2.0.1.RELEASE.jar:/Users/manikanta.d/.m2/repository/org/springframework/boot/spring-boot-starter-logging/2.0.1.RELEASE/spring-boot-starter-logging-2.0.1.RELEASE.jar:/Users/manikanta.d/.m2/repository/ch/qos/logback/logback-classic/1.2.3/logback-classic-1.2.3.jar:/Users/manikanta.d/.m2/repository/ch/qos/logback/logback-core/1.2.3/logback-core-1.2.3.jar:/Users/manikanta.d/.m2/repository/org/apache/logging/log4j/log4j-to-slf4j/2.10.0/log4j-to-slf4j-2.10.0.jar:/Users/manikanta.d/.m2/repository/org/apache/logging/log4j/log4j-api/2.10.0/log4j-api-2.10.0.jar:/Users/manikanta.d/.m2/repository/org/slf4j/jul-to-slf4j/1.7.25/jul-to-slf4j-1.7.25.jar:/Users/manikanta.d/.m2/repository/javax/annotation/javax.annotation-api/1.3.2/javax.annotation-api-1.3.2.jar:/Users/manikanta.d/.m2/repository/org/yaml/snakeyaml/1.19/snakeyaml-1.19.jar:/Users/manikanta.d/.m2/repository/org/springframework/boot/spring-boot-starter-json/2.0.1.RELEASE/spring-boot-starter-json-2.0.1.RELEASE.jar:/Users/manikanta.d/.m2/repository/com/fasterxml/jackson/datatype/jackson-datatype-jdk8/2.9.5/jackson-datatype-jdk8-2.9.5.jar:/Users/manikanta.d/.m2/repository/com/fasterxml/jackson/datatype/jackson-datatype-jsr310/2.9.5/jackson-datatype-jsr310-2.9.5.jar:/Users/manikanta.d/.m2/repository/com/fasterxml/jackson/module/jackson-module-parameter-names/2.9.5/jackson-module-parameter-names-2.9.5.jar:/Users/manikanta.d/.m2/repository/org/springframework/boot/spring-boot-starter-tomcat/2.0.1.RELEASE/spring-boot-starter-tomcat-2.0.1.RELEASE.jar:/Users/manikanta.d/.m2/repository/org/apache/tomcat/embed/tomcat-embed-core/8.5.29/tomcat-embed-core-8.5.29.jar:/Users/manikanta.d/.m2/repository/org/apache/tomcat/embed/tomcat-embed-el/8.5.29/tomcat-embed-el-8.5.29.jar:/Users/manikanta.d/.m2/repository/org/apache/tomcat/embed/tomcat-embed-websocket/8.5.29/tomcat-embed-websocket-8.5.29.jar:/Users/manikanta.d/.m2/repository/org/hibernate/validator/hibernate-validator/6.0.9.Final/hibernate-validator-6.0.9.Final.jar:/Users/manikanta.d/.m2/repository/javax/validation/validation-api/2.0.1.Final/validation-api-2.0.1.Final.jar:/Users/manikanta.d/.m2/repository/org/jboss/logging/jboss-logging/3.3.2.Final/jboss-logging-3.3.2.Final.jar:/Users/manikanta.d/.m2/repository/org/springframework/spring-web/5.0.5.RELEASE/spring-web-5.0.5.RELEASE.jar:/Users/manikanta.d/.m2/repository/org/springframework/spring-beans/5.0.5.RELEASE/spring-beans-5.0.5.RELEASE.jar:/Users/manikanta.d/.m2/repository/org/springframework/spring-webmvc/5.0.5.RELEASE/spring-webmvc-5.0.5.RELEASE.jar:/Users/manikanta.d/.m2/repository/org/springframework/spring-aop/5.0.5.RELEASE/spring-aop-5.0.5.RELEASE.jar:/Users/manikanta.d/.m2/repository/org/springframework/spring-context/5.0.5.RELEASE/spring-context-5.0.5.RELEASE.jar:/Users/manikanta.d/.m2/repository/org/springframework/spring-expression/5.0.5.RELEASE/spring-expression-5.0.5.RELEASE.jar:/Users/manikanta.d/.m2/repository/org/springframework/boot/spring-boot-starter-test/2.0.1.RELEASE/spring-boot-starter-test-2.0.1.RELEASE.jar:/Users/manikanta.d/.m2/repository/org/springframework/boot/spring-boot-test/2.0.1.RELEASE/spring-boot-test-2.0.1.RELEASE.jar:/Users/manikanta.d/.m2/repository/org/springframework/boot/spring-boot-test-autoconfigure/2.0.1.RELEASE/spring-boot-test-autoconfigure-2.0.1.RELEASE.jar:/Users/manikanta.d/.m2/repository/com/jayway/jsonpath/json-path/2.4.0/json-path-2.4.0.jar:/Users/manikanta.d/.m2/repository/net/minidev/json-smart/2.3/json-smart-2.3.jar:/Users/manikanta.d/.m2/repository/net/minidev/accessors-smart/1.2/accessors-smart-1.2.jar:/Users/manikanta.d/.m2/repository/org/ow2/asm/asm/5.0.4/asm-5.0.4.jar:/Users/manikanta.d/.m2/repository/junit/junit/4.12/junit-4.12.jar:/Users/manikanta.d/.m2/repository/org/assertj/assertj-core/3.9.1/assertj-core-3.9.1.jar:/Users/manikanta.d/.m2/repository/org/mockito/mockito-core/2.15.0/mockito-core-2.15.0.jar:/Users/manikanta.d/.m2/repository/net/bytebuddy/byte-buddy/1.7.11/byte-buddy-1.7.11.jar:/Users/manikanta.d/.m2/repository/net/bytebuddy/byte-buddy-agent/1.7.11/byte-buddy-agent-1.7.11.jar:/Users/manikanta.d/.m2/repository/org/objenesis/objenesis/2.6/objenesis-2.6.jar:/Users/manikanta.d/.m2/repository/org/hamcrest/hamcrest-core/1.3/hamcrest-core-1.3.jar:/Users/manikanta.d/.m2/repository/org/hamcrest/hamcrest-library/1.3/hamcrest-library-1.3.jar:/Users/manikanta.d/.m2/repository/org/skyscreamer/jsonassert/1.5.0/jsonassert-1.5.0.jar:/Users/manikanta.d/.m2/repository/com/vaadin/external/google/android-json/0.0.20131108.vaadin1/android-json-0.0.20131108.vaadin1.jar:/Users/manikanta.d/.m2/repository/org/springframework/spring-core/5.0.5.RELEASE/spring-core-5.0.5.RELEASE.jar:/Users/manikanta.d/.m2/repository/org/springframework/spring-jcl/5.0.5.RELEASE/spring-jcl-5.0.5.RELEASE.jar:/Users/manikanta.d/.m2/repository/org/springframework/spring-test/5.0.5.RELEASE/spring-test-5.0.5.RELEASE.jar:/Users/manikanta.d/.m2/repository/org/xmlunit/xmlunit-core/2.5.1/xmlunit-core-2.5.1.jar:/Users/manikanta.d/.m2/repository/com/fasterxml/jackson/core/jackson-databind/2.9.5/jackson-databind-2.9.5.jar:/Users/manikanta.d/.m2/repository/com/fasterxml/jackson/core/jackson-core/2.9.5/jackson-core-2.9.5.jar:/Users/manikanta.d/.m2/repository/com/fasterxml/jackson/core/jackson-annotations/2.9.0/jackson-annotations-2.9.0.jar:/Users/manikanta.d/.m2/repository/com/diffplug/spotless/spotless-eclipse-base/3.4.2/spotless-eclipse-base-3.4.2.jar:/Users/manikanta.d/.m2/repository/org/eclipse/platform/org.eclipse.core.resources/3.14.0/org.eclipse.core.resources-3.14.0.jar:/Users/manikanta.d/.m2/repository/org/eclipse/platform/org.eclipse.core.runtime/3.20.100/org.eclipse.core.runtime-3.20.100.jar:/Users/manikanta.d/.m2/repository/org/eclipse/platform/org.eclipse.osgi/3.16.200/org.eclipse.osgi-3.16.200.jar:/Users/manikanta.d/.m2/repository/org/eclipse/platform/org.eclipse.equinox.common/3.14.100/org.eclipse.equinox.common-3.14.100.jar:/Users/manikanta.d/.m2/repository/org/eclipse/platform/org.eclipse.core.jobs/3.10.1100/org.eclipse.core.jobs-3.10.1100.jar:/Users/manikanta.d/.m2/repository/org/eclipse/platform/org.eclipse.equinox.registry/3.10.100/org.eclipse.equinox.registry-3.10.100.jar:/Users/manikanta.d/.m2/repository/org/eclipse/platform/org.eclipse.equinox.preferences/3.8.200/org.eclipse.equinox.preferences-3.8.200.jar:/Users/manikanta.d/.m2/repository/org/eclipse/platform/org.eclipse.core.contenttype/3.7.900/org.eclipse.core.contenttype-3.7.900.jar:/Users/manikanta.d/.m2/repository/org/eclipse/platform/org.eclipse.equinox.app/1.5.100/org.eclipse.equinox.app-1.5.100.jar:/Users/manikanta.d/.m2/repository/org/slf4j/slf4j-api/1.7.25/slf4j-api-1.7.25.jar:/Users/manikanta.d/.m2/repository/org/springframework/boot/spring-boot-starter-actuator/2.0.1.RELEASE/spring-boot-starter-actuator-2.0.1.RELEASE.jar:/Users/manikanta.d/.m2/repository/org/springframework/boot/spring-boot-actuator-autoconfigure/2.0.1.RELEASE/spring-boot-actuator-autoconfigure-2.0.1.RELEASE.jar:/Users/manikanta.d/.m2/repository/org/springframework/boot/spring-boot-actuator/2.0.1.RELEASE/spring-boot-actuator-2.0.1.RELEASE.jar:/Users/manikanta.d/.m2/repository/io/micrometer/micrometer-core/1.0.3/micrometer-core-1.0.3.jar:/Users/manikanta.d/.m2/repository/org/hdrhistogram/HdrHistogram/2.1.10/HdrHistogram-2.1.10.jar:/Users/manikanta.d/.m2/repository/org/latencyutils/LatencyUtils/2.0.3/LatencyUtils-2.0.3.jar:/Users/manikanta.d/.m2/repository/io/springfox/springfox-swagger-ui/2.9.2/springfox-swagger-ui-2.9.2.jar:/Users/manikanta.d/.m2/repository/io/springfox/springfox-spring-web/2.9.2/springfox-spring-web-2.9.2.jar:/Users/manikanta.d/.m2/repository/io/springfox/springfox-swagger2/2.9.2/springfox-swagger2-2.9.2.jar:/Users/manikanta.d/.m2/repository/io/swagger/swagger-annotations/1.5.20/swagger-annotations-1.5.20.jar:/Users/manikanta.d/.m2/repository/io/swagger/swagger-models/1.5.20/swagger-models-1.5.20.jar:/Users/manikanta.d/.m2/repository/io/springfox/springfox-spi/2.9.2/springfox-spi-2.9.2.jar:/Users/manikanta.d/.m2/repository/io/springfox/springfox-core/2.9.2/springfox-core-2.9.2.jar:/Users/manikanta.d/.m2/repository/io/springfox/springfox-schema/2.9.2/springfox-schema-2.9.2.jar:/Users/manikanta.d/.m2/repository/io/springfox/springfox-swagger-common/2.9.2/springfox-swagger-common-2.9.2.jar:/Users/manikanta.d/.m2/repository/com/google/guava/guava/20.0/guava-20.0.jar:/Users/manikanta.d/.m2/repository/com/fasterxml/classmate/1.3.4/classmate-1.3.4.jar:/Users/manikanta.d/.m2/repository/org/springframework/plugin/spring-plugin-core/1.2.0.RELEASE/spring-plugin-core-1.2.0.RELEASE.jar:/Users/manikanta.d/.m2/repository/org/springframework/plugin/spring-plugin-metadata/1.2.0.RELEASE/spring-plugin-metadata-1.2.0.RELEASE.jar:/Users/manikanta.d/.m2/repository/org/mapstruct/mapstruct/1.2.0.Final/mapstruct-1.2.0.Final.jar:"/>
    <property name="sun.cpu.endian" value="little"/>
    <property name="user.home" value="/Users/manikanta.d"/>
    <property name="user.language" value="en"/>
    <property name="java.specification.vendor" value="Oracle Corporation"/>
    <property name="java.version.date" value="2019-07-16"/>
    <property name="java.home" value="/Library/Java/JavaVirtualMachines/openjdk-12.0.2.jdk/Contents/Home"/>
    <property name="file.separator" value="/"/>
    <property name="basedir" value="/Users/manikanta.d/personalCodingMisc/roman-numeral-converter"/>
    <property name="java.vm.compressedOopsMode" value="Zero based"/>
    <property name="line.separator" value="&#10;"/>
    <property name="java.vm.specification.vendor" value="Oracle Corporation"/>
    <property name="java.specification.name" value="Java Platform API Specification"/>
    <property name="java.awt.graphicsenv" value="sun.awt.CGraphicsEnvironment"/>
    <property name="surefire.real.class.path" value="/Users/manikanta.d/personalCodingMisc/roman-numeral-converter/target/surefire/surefirebooter18210464595613925613.jar"/>
    <property name="sun.management.compiler" value="HotSpot 64-Bit Tiered Compilers"/>
    <property name="java.runtime.version" value="12.0.2+10"/>
    <property name="user.name" value="manikanta.d"/>
    <property name="path.separator" value=":"/>
    <property name="os.version" value="10.15.7"/>
    <property name="java.runtime.name" value="OpenJDK Runtime Environment"/>
    <property name="file.encoding" value="US-ASCII"/>
    <property name="java.vm.name" value="OpenJDK 64-Bit Server VM"/>
    <property name="localRepository" value="/Users/manikanta.d/.m2/repository"/>
    <property name="java.vendor.url.bug" value="https://bugreport.java.com/bugreport/"/>
    <property name="java.io.tmpdir" value="/var/folders/yt/hdpzyt9j6q76rtg0fc5tzqw5v_1pvz/T/"/>
    <property name="idea.version" value="2020.3.2"/>
    <property name="java.version" value="12.0.2"/>
    <property name="user.dir" value="/Users/manikanta.d/personalCodingMisc/roman-numeral-converter"/>
    <property name="os.arch" value="x86_64"/>
    <property name="java.vm.specification.name" value="Java Virtual Machine Specification"/>
    <property name="java.library.path" value="/Users/manikanta.d/Library/Java/Extensions:/Library/Java/Extensions:/Network/Library/Java/Extensions:/System/Library/Java/Extensions:/usr/lib/java:."/>
    <property name="java.vm.info" value="mixed mode, sharing"/>
    <property name="java.vendor" value="Oracle Corporation"/>
    <property name="java.vm.version" value="12.0.2+10"/>
    <property name="sun.io.unicode.encoding" value="UnicodeBig"/>
    <property name="java.class.version" value="56.0"/>
  </properties>
  <testcase name="When_NumberIs299_Expect_CCXCIX" classname="com.susheelkb.romannumeral.service.RomanNumsServiceTest" time="0.004"/>
  <testcase name="When_NumberIs2987_Expect_MMCMLXXXVII" classname="com.susheelkb.romannumeral.service.RomanNumsServiceTest" time="0"/>
  <testcase name="testExceptionThrownIfGivenZero" classname="com.susheelkb.romannumeral.service.RomanNumsServiceTest" time="0"/>
  <testcase name="testExceptionThrownIfGivenOutOfRange" classname="com.susheelkb.romannumeral.service.RomanNumsServiceTest" time="0"/>
  <testcase name="When_NumberIs3999_Expect_MMMCMXCIX" classname="com.susheelkb.romannumeral.service.RomanNumsServiceTest" time="0"/>
</testsuite>